Start testing: May 12 21:54 +07
----------------------------------------------------------
1/1 Testing: TestSorting
1/1 Test: TestSorting
Command: "/mnt/c/Users/Nikita/Desktop/saod & prog/prog/tests/build/test_sorting"
Directory: /mnt/c/Users/Nikita/Desktop/saod & prog/prog/tests/build
"TestSorting" start time: May 12 21:54 +07
Output:
----------------------------------------------------------
[==========] tests: Running 12 test(s).
[ RUN      ] test_FillInc
[       OK ] test_FillInc
[ RUN      ] test_FillDec
[       OK ] test_FillDec
[ RUN      ] test_FillRand
[       OK ] test_FillRand
[ RUN      ] test_CheckSum
[       OK ] test_CheckSum
[ RUN      ] test_RunNumber
[       OK ] test_RunNumber
[ RUN      ] test_insertSort_sorted_array
[       OK ] test_insertSort_sorted_array
[ RUN      ] test_insertSort_unsorted_array
[       OK ] test_insertSort_unsorted_array
[ RUN      ] test_shellSort_sorted_array
[       OK ] test_shellSort_sorted_array
[ RUN      ] test_shellSort_unsorted_array
[       OK ] test_shellSort_unsorted_array
[ RUN      ] test_shellSortBetter
[       OK ] test_shellSortBetter
[ RUN      ] test_generateShellSequenceAsString
[       OK ] test_generateShellSequenceAsString
[ RUN      ] test_generateCiuraSequenceAsString
[       OK ] test_generateCiuraSequenceAsString
[==========] tests: 12 test(s) run.
[  PASSED  ] 12 test(s).
<end of output>
Test time =   0.00 sec
----------------------------------------------------------
Test Passed.
"TestSorting" end time: May 12 21:54 +07
"TestSorting" time elapsed: 00:00:00
----------------------------------------------------------

End testing: May 12 21:54 +07
